Arguments: 
  /usr/local/Cellar/node/9.4.0/bin/node /usr/local/bin/yarn run watch

PATH: 
  /usr/local/bin:/usr/bin:/bin:/usr/sbin:/sbin

Yarn version: 
  1.5.1

Node version: 
  9.4.0

Platform: 
  darwin x64

npm manifest: 
  {
    "name": "hyperapp-starter-kit",
    "version": "1.0.0",
    "description": "cool and fast way to run hyperapp",
    "main": "gulpfile.js",
    "dependencies": {
      "axios": "^0.16.1",
      "babel-core": "^6.24.1",
      "babel-loader": "^6.4.1",
      "babel-plugin-transform-react-jsx": "^6.24.1",
      "babel-preset-env": "^1.4.0",
      "babel-preset-es2015": "^6.24.1",
      "babel-preset-react": "^6.24.1",
      "browser-sync": "^2.18.8",
      "gulp": "^3.9.1",
      "gulp-autoprefixer": "^3.1.1",
      "gulp-babel": "^6.1.2",
      "gulp-concat": "^2.6.0",
      "gulp-eslint": "^3.0.1",
      "gulp-imagemin": "^3.0.3",
      "gulp-sass": "^2.3.2",
      "gulp-shell": "^0.6.3",
      "gulp-uglify": "^2.0.0",
      "gulp-watch": "^4.3.9",
      "html-webpack-plugin": "^2.28.0",
      "hyperapp": "^0.12.0",
      "hyperapp-redux-devtools": "^1.0.9",
      "node-sass": "^4.5.2",
      "sass-loader": "^6.0.3",
      "standard": "^10.0.2",
      "webpack": "^2.7.0",
      "webpack-stream": "^3.2.0"
    },
    "scripts": {
      "bundle": "./node_modules/.bin/webpack",
      "production": "./node_modules/.bin/webpack -p",
      "watch": "gulp",
      "sass": "gulp styles",
      "js": "gulp webpack"
    },
    "devDependencies": {
      "babel-preset-stage-0": "^6.24.1"
    },
    "repository": {
      "type": "git",
      "url": "git+https://github.com/codingphasedotcom/hyperapp-starterkit.git"
    },
    "keywords": [
      "hyperapp"
    ],
    "author": "joe santos garcia",
    "license": "ISC",
    "bugs": {
      "url": "https://github.com/codingphasedotcom/hyperapp-starterkit/issues"
    },
    "homepage": "https://github.com/codingphasedotcom/hyperapp-starterkit#readme"
  }

yarn manifest: 
  No manifest

Lockfile: 
  No lockfile

Trace: 
  Error: Command failed.
  Exit code: 1
  Command: sh
  Arguments: -c gulp
  Directory: /Users/randallishino/hyper-restaurant
  Output:
  
      at ProcessTermError.MessageError (/usr/local/lib/node_modules/yarn/lib/cli.js:186:110)
      at new ProcessTermError (/usr/local/lib/node_modules/yarn/lib/cli.js:226:113)
      at ChildProcess.<anonymous> (/usr/local/lib/node_modules/yarn/lib/cli.js:30281:17)
      at ChildProcess.emit (events.js:160:13)
      at maybeClose (internal/child_process.js:943:16)
      at Process.ChildProcess._handle.onexit (internal/child_process.js:220:5)
